<?xml version="1.0" encoding="UTF-8"?>
<!-- Generated by org.testng.reporters.JUnitReportReporter -->
<testsuite hostname="DESKTOP-QLF1HVV" failures="0" tests="4" name="com.qa.tests.DemoTest" time="0.030" errors="0" timestamp="2021-11-04T15:44:51 BDT" skipped="0">
  <testcase classname="com.qa.tests.DemoTest" name="multi" time="0.004"/>
  <system-out/>
  <testcase classname="com.qa.tests.DemoTest" name="div" time="0.018"/>
  <system-out/>
  <testcase classname="com.qa.tests.DemoTest" name="sub" time="0.004"/>
  <system-out/>
  <testcase classname="com.qa.tests.DemoTest" name="sum" time="0.004"/>
  <system-out/>
</testsuite> <!-- com.qa.tests.DemoTest -->
