<?xml version="1.0" encoding="UTF-8"?>
<!-- Generated by org.testng.reporters.JUnitReportReporter -->
<testsuite hostname="DESKTOP-QLF1HVV" failures="0" tests="4" name="com.qa.tests.DemoTest" time="0.009" errors="0" timestamp="2021-11-04T16:45:11 BDT" skipped="0">
  <testcase classname="com.qa.tests.DemoTest" name="sub" time="0.000"/>
  <system-out/>
  <testcase classname="com.qa.tests.DemoTest" name="multi" time="0.001"/>
  <system-out/>
  <testcase classname="com.qa.tests.DemoTest" name="sum" time="0.001"/>
  <system-out/>
  <testcase classname="com.qa.tests.DemoTest" name="div" time="0.007"/>
  <system-out/>
</testsuite> <!-- com.qa.tests.DemoTest -->
